2023-09-26 04:52:03,029 - INFO - 데이터 처리 시작
2023-09-26 04:52:04,041 - INFO - 
    사용 중인 자원 확인:
    --------------------------------------
    전체 메모리: 503.5808982849121 GB 
    사용 가능한 메모리: 492.8984603881836 GB 
    사용된 메모리: 7.400306701660156 GB 
    메모리 사용 퍼센트: 2.1%
    CPU 사용 퍼센트: 1.8%
    전체 디스크 용량: 439.0408935546875 GB 
    사용된 디스크 용량: 177.36777877807617 GB 
    디스크 사용 퍼센트: 42.6%
    --------------------------------------
    
2023-09-26 04:52:14,232 - INFO - 데이터 디렉토리 확인:
./data/
├── image
│   ├── TS_1모래입자크기분류_001
│   ├── TS_1모래입자크기분류_002
│   ├── TS_1모래입자크기분류_003
│   ├── TS_1모래입자크기분류_004
│   ├── TS_1모래입자크기분류_005
│   ├── TS_1모래입자크기분류_006
│   ├── TS_1모래입자크기분류_007
│   ├── TS_1모래입자크기분류_008
│   ├── TS_1모래입자크기분류_009
│   ├── TS_1모래입자크기분류_010
│   └── TS_1모래입자크기분류_011
└── label_data

13 directories

2023-09-26 04:52:14,233 - INFO - 데이터 로딩
2023-09-26 04:52:15,322 - INFO - 메타 데이터 추출 시작..
2023-09-26 04:52:19,524 - INFO - 메타 데이터 추출 완료
2023-09-26 04:52:19,525 - INFO - 테이블 생성 시작..
2023-09-26 05:04:55,828 - INFO - 데이터 테이블 생성 완료
2023-09-26 05:04:55,847 - INFO - Table row: 357311, Table columns: 11
2023-09-26 05:04:56,175 - INFO - 
            데이터 처리 정보:
            --------------------------------------
            전체 이미지 데이터 수: 357311
            전체 이미지 데이터 용량: 1.001222025332936 TB
            png counts: 357311 
            jpg counts: 0
            etc counts: 0
            --------------------------------------
            
2023-09-26 05:04:56,176 - INFO - 데이터베이스 생성
2023-09-26 05:04:56,177 - INFO - 데이터베이스 경로: ./database/database.db
2023-09-26 05:04:58,325 - INFO - 데이터베이스에 데이터 저장 완료
2023-09-26 05:04:58,325 - INFO - 데이터베이스 연결 종료
2023-09-26 05:05:11,357 - INFO - 전체 디렉토리 구조:
/home/work/AI/image_prepro
├── __pycache__
├── data
│   ├── image
│   │   ├── TS_1모래입자크기분류_001
│   │   ├── TS_1모래입자크기분류_002
│   │   ├── TS_1모래입자크기분류_003
│   │   ├── TS_1모래입자크기분류_004
│   │   ├── TS_1모래입자크기분류_005
│   │   ├── TS_1모래입자크기분류_006
│   │   ├── TS_1모래입자크기분류_007
│   │   ├── TS_1모래입자크기분류_008
│   │   ├── TS_1모래입자크기분류_009
│   │   ├── TS_1모래입자크기분류_010
│   │   └── TS_1모래입자크기분류_011
│   └── label_data
├── database
└── log

17 directories

2023-09-26 05:05:11,357 - INFO - 경과 시간: 13분 8초
2023-09-26 05:05:11,357 - INFO - 데이터 처리 종료
